<?xml version="1.0" encoding="UTF-8"?>
<testsuite xmlns:xsi="http://www.w3.org/2001/XMLSchema-instance" xsi:noNamespaceSchemaLocation="https://maven.apache.org/surefire/maven-surefire-plugin/xsd/surefire-test-report.xsd" name="app.kafka.AppTest" time="0.064" tests="1" errors="0" skipped="0" failures="0">
  <properties>
    <property name="java.specification.version" value="17"/>
    <property name="sun.jnu.encoding" value="UTF-8"/>
    <property name="java.class.path" value="/home/ram/code/kafka-error-app/common-lib/target/test-classes:/home/ram/code/kafka-error-app/common-lib/target/classes:/home/ram/.m2/repository/junit/junit/4.11/junit-4.11.jar:/home/ram/.m2/repository/org/hamcrest/hamcrest-core/2.2/hamcrest-core-2.2.jar:/home/ram/.m2/repository/org/hamcrest/hamcrest/2.2/hamcrest-2.2.jar:/home/ram/.m2/repository/org/projectlombok/lombok/1.18.22/lombok-1.18.22.jar:/home/ram/.m2/repository/org/springframework/kafka/spring-kafka/2.8.4/spring-kafka-2.8.4.jar:/home/ram/.m2/repository/org/springframework/spring-context/5.3.18/spring-context-5.3.18.jar:/home/ram/.m2/repository/org/springframework/spring-aop/5.3.18/spring-aop-5.3.18.jar:/home/ram/.m2/repository/org/springframework/spring-beans/5.3.18/spring-beans-5.3.18.jar:/home/ram/.m2/repository/org/springframework/spring-core/5.3.18/spring-core-5.3.18.jar:/home/ram/.m2/repository/org/springframework/spring-jcl/5.3.18/spring-jcl-5.3.18.jar:/home/ram/.m2/repository/org/springframework/spring-expression/5.3.18/spring-expression-5.3.18.jar:/home/ram/.m2/repository/org/springframework/spring-messaging/5.3.18/spring-messaging-5.3.18.jar:/home/ram/.m2/repository/org/springframework/spring-tx/5.3.18/spring-tx-5.3.18.jar:/home/ram/.m2/repository/org/springframework/retry/spring-retry/1.3.2/spring-retry-1.3.2.jar:/home/ram/.m2/repository/org/apache/kafka/kafka-clients/3.0.1/kafka-clients-3.0.1.jar:/home/ram/.m2/repository/com/github/luben/zstd-jni/1.5.0-2/zstd-jni-1.5.0-2.jar:/home/ram/.m2/repository/org/lz4/lz4-java/1.7.1/lz4-java-1.7.1.jar:/home/ram/.m2/repository/org/xerial/snappy/snappy-java/1.1.8.1/snappy-java-1.1.8.1.jar:/home/ram/.m2/repository/com/google/code/findbugs/jsr305/3.0.2/jsr305-3.0.2.jar:/home/ram/.m2/repository/org/apache/avro/avro/1.11.0/avro-1.11.0.jar:/home/ram/.m2/repository/com/fasterxml/jackson/core/jackson-core/2.13.2/jackson-core-2.13.2.jar:/home/ram/.m2/repository/com/fasterxml/jackson/core/jackson-databind/2.13.2.2/jackson-databind-2.13.2.2.jar:/home/ram/.m2/repository/com/fasterxml/jackson/core/jackson-annotations/2.13.2/jackson-annotations-2.13.2.jar:/home/ram/.m2/repository/org/apache/commons/commons-compress/1.21/commons-compress-1.21.jar:/home/ram/.m2/repository/org/slf4j/slf4j-api/1.7.36/slf4j-api-1.7.36.jar:/home/ram/.m2/repository/io/confluent/kafka-avro-serializer/7.1.0/kafka-avro-serializer-7.1.0.jar:/home/ram/.m2/repository/io/confluent/kafka-schema-serializer/7.1.0/kafka-schema-serializer-7.1.0.jar:/home/ram/.m2/repository/io/confluent/kafka-schema-registry-client/7.1.0/kafka-schema-registry-client-7.1.0.jar:/home/ram/.m2/repository/io/swagger/core/v3/swagger-annotations/2.1.10/swagger-annotations-2.1.10.jar:/home/ram/.m2/repository/com/google/guava/guava/30.1.1-jre/guava-30.1.1-jre.jar:/home/ram/.m2/repository/com/google/guava/failureaccess/1.0.1/failureaccess-1.0.1.jar:/home/ram/.m2/repository/com/google/guava/listenablefuture/9999.0-empty-to-avoid-conflict-with-guava/listenablefuture-9999.0-empty-to-avoid-conflict-with-guava.jar:/home/ram/.m2/repository/org/checkerframework/checker-qual/3.8.0/checker-qual-3.8.0.jar:/home/ram/.m2/repository/com/google/errorprone/error_prone_annotations/2.5.1/error_prone_annotations-2.5.1.jar:/home/ram/.m2/repository/com/google/j2objc/j2objc-annotations/1.3/j2objc-annotations-1.3.jar:/home/ram/.m2/repository/io/confluent/common-utils/7.1.0/common-utils-7.1.0.jar:"/>
    <property name="java.vm.vendor" value="Oracle Corporation"/>
    <property name="sun.arch.data.model" value="64"/>
    <property name="java.vendor.url" value="https://java.oracle.com/"/>
    <property name="os.name" value="Linux"/>
    <property name="java.vm.specification.version" value="17"/>
    <property name="sun.java.launcher" value="SUN_STANDARD"/>
    <property name="user.country" value="GB"/>
    <property name="sun.boot.library.path" value="/usr/lib/jvm/java-17-oracle/lib"/>
    <property name="sun.java.command" value="/home/ram/code/kafka-error-app/common-lib/target/surefire/surefirebooter13938800406214148614.jar /home/ram/code/kafka-error-app/common-lib/target/surefire 2022-05-09T22-08-53_470-jvmRun1 surefire3050629406735835172tmp surefire_09072468319345087314tmp"/>
    <property name="jdk.debug" value="release"/>
    <property name="surefire.test.class.path" value="/home/ram/code/kafka-error-app/common-lib/target/test-classes:/home/ram/code/kafka-error-app/common-lib/target/classes:/home/ram/.m2/repository/junit/junit/4.11/junit-4.11.jar:/home/ram/.m2/repository/org/hamcrest/hamcrest-core/2.2/hamcrest-core-2.2.jar:/home/ram/.m2/repository/org/hamcrest/hamcrest/2.2/hamcrest-2.2.jar:/home/ram/.m2/repository/org/projectlombok/lombok/1.18.22/lombok-1.18.22.jar:/home/ram/.m2/repository/org/springframework/kafka/spring-kafka/2.8.4/spring-kafka-2.8.4.jar:/home/ram/.m2/repository/org/springframework/spring-context/5.3.18/spring-context-5.3.18.jar:/home/ram/.m2/repository/org/springframework/spring-aop/5.3.18/spring-aop-5.3.18.jar:/home/ram/.m2/repository/org/springframework/spring-beans/5.3.18/spring-beans-5.3.18.jar:/home/ram/.m2/repository/org/springframework/spring-core/5.3.18/spring-core-5.3.18.jar:/home/ram/.m2/repository/org/springframework/spring-jcl/5.3.18/spring-jcl-5.3.18.jar:/home/ram/.m2/repository/org/springframework/spring-expression/5.3.18/spring-expression-5.3.18.jar:/home/ram/.m2/repository/org/springframework/spring-messaging/5.3.18/spring-messaging-5.3.18.jar:/home/ram/.m2/repository/org/springframework/spring-tx/5.3.18/spring-tx-5.3.18.jar:/home/ram/.m2/repository/org/springframework/retry/spring-retry/1.3.2/spring-retry-1.3.2.jar:/home/ram/.m2/repository/org/apache/kafka/kafka-clients/3.0.1/kafka-clients-3.0.1.jar:/home/ram/.m2/repository/com/github/luben/zstd-jni/1.5.0-2/zstd-jni-1.5.0-2.jar:/home/ram/.m2/repository/org/lz4/lz4-java/1.7.1/lz4-java-1.7.1.jar:/home/ram/.m2/repository/org/xerial/snappy/snappy-java/1.1.8.1/snappy-java-1.1.8.1.jar:/home/ram/.m2/repository/com/google/code/findbugs/jsr305/3.0.2/jsr305-3.0.2.jar:/home/ram/.m2/repository/org/apache/avro/avro/1.11.0/avro-1.11.0.jar:/home/ram/.m2/repository/com/fasterxml/jackson/core/jackson-core/2.13.2/jackson-core-2.13.2.jar:/home/ram/.m2/repository/com/fasterxml/jackson/core/jackson-databind/2.13.2.2/jackson-databind-2.13.2.2.jar:/home/ram/.m2/repository/com/fasterxml/jackson/core/jackson-annotations/2.13.2/jackson-annotations-2.13.2.jar:/home/ram/.m2/repository/org/apache/commons/commons-compress/1.21/commons-compress-1.21.jar:/home/ram/.m2/repository/org/slf4j/slf4j-api/1.7.36/slf4j-api-1.7.36.jar:/home/ram/.m2/repository/io/confluent/kafka-avro-serializer/7.1.0/kafka-avro-serializer-7.1.0.jar:/home/ram/.m2/repository/io/confluent/kafka-schema-serializer/7.1.0/kafka-schema-serializer-7.1.0.jar:/home/ram/.m2/repository/io/confluent/kafka-schema-registry-client/7.1.0/kafka-schema-registry-client-7.1.0.jar:/home/ram/.m2/repository/io/swagger/core/v3/swagger-annotations/2.1.10/swagger-annotations-2.1.10.jar:/home/ram/.m2/repository/com/google/guava/guava/30.1.1-jre/guava-30.1.1-jre.jar:/home/ram/.m2/repository/com/google/guava/failureaccess/1.0.1/failureaccess-1.0.1.jar:/home/ram/.m2/repository/com/google/guava/listenablefuture/9999.0-empty-to-avoid-conflict-with-guava/listenablefuture-9999.0-empty-to-avoid-conflict-with-guava.jar:/home/ram/.m2/repository/org/checkerframework/checker-qual/3.8.0/checker-qual-3.8.0.jar:/home/ram/.m2/repository/com/google/errorprone/error_prone_annotations/2.5.1/error_prone_annotations-2.5.1.jar:/home/ram/.m2/repository/com/google/j2objc/j2objc-annotations/1.3/j2objc-annotations-1.3.jar:/home/ram/.m2/repository/io/confluent/common-utils/7.1.0/common-utils-7.1.0.jar:"/>
    <property name="sun.cpu.endian" value="little"/>
    <property name="user.home" value="/home/ram"/>
    <property name="user.language" value="en"/>
    <property name="java.specification.vendor" value="Oracle Corporation"/>
    <property name="java.version.date" value="2021-10-19"/>
    <property name="java.home" value="/usr/lib/jvm/java-17-oracle"/>
    <property name="file.separator" value="/"/>
    <property name="basedir" value="/home/ram/code/kafka-error-app/common-lib"/>
    <property name="java.vm.compressedOopsMode" value="Zero based"/>
    <property name="line.separator" value="&#10;"/>
    <property name="java.vm.specification.vendor" value="Oracle Corporation"/>
    <property name="java.specification.name" value="Java Platform API Specification"/>
    <property name="surefire.real.class.path" value="/home/ram/code/kafka-error-app/common-lib/target/surefire/surefirebooter13938800406214148614.jar"/>
    <property name="sun.management.compiler" value="HotSpot 64-Bit Tiered Compilers"/>
    <property name="java.runtime.version" value="17.0.1+12-LTS-39"/>
    <property name="user.name" value="ram"/>
    <property name="path.separator" value=":"/>
    <property name="os.version" value="5.15.0-1003-azure"/>
    <property name="java.runtime.name" value="Java(TM) SE Runtime Environment"/>
    <property name="file.encoding" value="UTF-8"/>
    <property name="java.vm.name" value="Java HotSpot(TM) 64-Bit Server VM"/>
    <property name="localRepository" value="/home/ram/.m2/repository"/>
    <property name="java.vendor.url.bug" value="https://bugreport.java.com/bugreport/"/>
    <property name="java.io.tmpdir" value="/tmp"/>
    <property name="java.version" value="17.0.1"/>
    <property name="user.dir" value="/home/ram/code/kafka-error-app/common-lib"/>
    <property name="os.arch" value="amd64"/>
    <property name="java.vm.specification.name" value="Java Virtual Machine Specification"/>
    <property name="native.encoding" value="UTF-8"/>
    <property name="java.library.path" value="/usr/java/packages/lib:/usr/lib64:/lib64:/lib:/usr/lib"/>
    <property name="java.vm.info" value="mixed mode, sharing"/>
    <property name="java.vendor" value="Oracle Corporation"/>
    <property name="java.vm.version" value="17.0.1+12-LTS-39"/>
    <property name="sun.io.unicode.encoding" value="UnicodeLittle"/>
    <property name="java.class.version" value="61.0"/>
  </properties>
  <testcase name="shouldAnswerWithTrue" classname="app.kafka.AppTest" time="0.002"/>
</testsuite>